<?xml version="1.0" encoding="UTF-8"?>
<!-- Generated by org.testng.reporters.JUnitXMLReporter -->
<testsuite hostname="xebias-MacBook-Pro.local" ignored="0" name="Test-Execution" tests="7" failures="1" timestamp="10 Jun 2019 07:24:19 GMT" time="76.609" errors="0">
  <testcase name="@AfterMethod afterTestExecution" time="0.0" classname="testCases.TestFunctionalities">
    <failure type="java.lang.NullPointerException">
      <![CDATA[java.lang.NullPointerException
at testCases.TestFunctionalities.afterTestExecution(TestFunctionalities.java:254)
at java.util.concurrent.FutureTask.run(FutureTask.java:266)
at java.util.concurrent.ThreadPoolExecutor.runWorker(ThreadPoolExecutor.java:1149)
at java.util.concurrent.ThreadPoolExecutor$Worker.run(ThreadPoolExecutor.java:624)
at java.lang.Thread.run(Thread.java:748)
... Removed 19 stack frames]]>
    </failure>
  </testcase> <!-- @AfterMethod afterTestExecution -->
  <testcase name="@AfterMethod afterTestExecution" time="0.139" classname="testCases.TestFunctionalities">
    <failure type="java.lang.IllegalStateException" message="No reporters were started. Atleast 1 reporter must be started to flush results.">
      <![CDATA[java.lang.IllegalStateException: No reporters were started. Atleast 1 reporter must be started to flush results.
at com.aventstack.extentreports.Report.flush(Report.java:182)
at com.aventstack.extentreports.ExtentReports.flush(ExtentReports.java:281)
at testCases.TestFunctionalities.afterTestExecution(TestFunctionalities.java:268)
at java.util.concurrent.FutureTask.run(FutureTask.java:266)
at java.util.concurrent.ThreadPoolExecutor.runWorker(ThreadPoolExecutor.java:1149)
at java.util.concurrent.ThreadPoolExecutor$Worker.run(ThreadPoolExecutor.java:624)
at java.lang.Thread.run(Thread.java:748)
... Removed 19 stack frames]]>
    </failure>
  </testcase> <!-- @AfterMethod afterTestExecution -->
  <testcase name="@AfterMethod afterTestExecution" time="0.117" classname="testCases.TestFunctionalities">
    <failure type="java.lang.IllegalStateException" message="No reporters were started. Atleast 1 reporter must be started to flush results.">
      <![CDATA[java.lang.IllegalStateException: No reporters were started. Atleast 1 reporter must be started to flush results.
at com.aventstack.extentreports.Report.flush(Report.java:182)
at com.aventstack.extentreports.ExtentReports.flush(ExtentReports.java:281)
at testCases.TestFunctionalities.afterTestExecution(TestFunctionalities.java:268)
at java.util.concurrent.FutureTask.run(FutureTask.java:266)
at java.util.concurrent.ThreadPoolExecutor.runWorker(ThreadPoolExecutor.java:1149)
at java.util.concurrent.ThreadPoolExecutor$Worker.run(ThreadPoolExecutor.java:624)
at java.lang.Thread.run(Thread.java:748)
... Removed 19 stack frames]]>
    </failure>
  </testcase> <!-- @AfterMethod afterTestExecution -->
  <testcase name="@AfterMethod afterTestExecution" time="0.105" classname="testCases.TestFunctionalities">
    <failure type="java.lang.IllegalStateException" message="No reporters were started. Atleast 1 reporter must be started to flush results.">
      <![CDATA[java.lang.IllegalStateException: No reporters were started. Atleast 1 reporter must be started to flush results.
at com.aventstack.extentreports.Report.flush(Report.java:182)
at com.aventstack.extentreports.ExtentReports.flush(ExtentReports.java:281)
at testCases.TestFunctionalities.afterTestExecution(TestFunctionalities.java:268)
at java.util.concurrent.FutureTask.run(FutureTask.java:266)
at java.util.concurrent.ThreadPoolExecutor.runWorker(ThreadPoolExecutor.java:1149)
at java.util.concurrent.ThreadPoolExecutor$Worker.run(ThreadPoolExecutor.java:624)
at java.lang.Thread.run(Thread.java:748)
... Removed 19 stack frames]]>
    </failure>
  </testcase> <!-- @AfterMethod afterTestExecution -->
  <testcase name="@AfterMethod afterTestExecution" time="0.116" classname="testCases.TestFunctionalities">
    <failure type="java.lang.IllegalStateException" message="No reporters were started. Atleast 1 reporter must be started to flush results.">
      <![CDATA[java.lang.IllegalStateException: No reporters were started. Atleast 1 reporter must be started to flush results.
at com.aventstack.extentreports.Report.flush(Report.java:182)
at com.aventstack.extentreports.ExtentReports.flush(ExtentReports.java:281)
at testCases.TestFunctionalities.afterTestExecution(TestFunctionalities.java:268)
at java.util.concurrent.FutureTask.run(FutureTask.java:266)
at java.util.concurrent.ThreadPoolExecutor.runWorker(ThreadPoolExecutor.java:1149)
at java.util.concurrent.ThreadPoolExecutor$Worker.run(ThreadPoolExecutor.java:624)
at java.lang.Thread.run(Thread.java:748)
... Removed 19 stack frames]]>
    </failure>
  </testcase> <!-- @AfterMethod afterTestExecution -->
  <testcase name="Test_Contact_Us_Mandatory_Fields" time="1.539" classname="testCases.TestFunctionalities"/>
  <testcase name="Test_Contact_Us_homepage" time="0.116" classname="testCases.TestFunctionalities"/>
  <testcase name="Test_Field_I_am_looking_into" time="0.147" classname="testCases.TestFunctionalities">
    <failure type="org.openqa.selenium.NoSuchElementException" message="no such element: Unable to locate element: {&amp;quot;method&amp;quot;:&amp;quot;id&amp;quot;,&amp;quot;selector&amp;quot;:&amp;quot;reachoutforproduct&amp;quot;}
  (Session info: chrome=74.0.3729.169)
  (Driver info: chromedriver=74.0.3729.6 (255758eccf3d244491b8a1317aa76e1ce10d57e9-refs/branch-heads/3729@{#29}),platform=Mac OS X 10.13.6 x86_64) (WARNING: The server did not provide any stacktrace information)
Command duration or timeout: 0 milliseconds
For documentation on this error, please visit: http://seleniumhq.org/exceptions/no_such_element.html
Build info: version: &amp;apos;3.11.0&amp;apos;, revision: &amp;apos;e59cfb3&amp;apos;, time: &amp;apos;2018-03-11T20:26:55.152Z&amp;apos;
System info: host: &amp;apos;xebias-MacBook-Pro.local&amp;apos;, ip: &amp;apos;fe80:0:0:0:c93:649c:fd29:3a74%en0&amp;apos;, os.name: &amp;apos;Mac OS X&amp;apos;, os.arch: &amp;apos;x86_64&amp;apos;, os.version: &amp;apos;10.13.6&amp;apos;, java.version: &amp;apos;1.8.0_191&amp;apos;
Driver info: org.openqa.selenium.chrome.ChromeDriver
Capabilities {acceptInsecureCerts: false, acceptSslCerts: false, applicationCacheEnabled: false, browserConnectionEnabled: false, browserName: chrome, chrome: {chromedriverVersion: 74.0.3729.6 (255758eccf3d24..., userDataDir: /var/folders/d8/3khxvbv54kl...}, cssSelectorsEnabled: true, databaseEnabled: false, goog:chromeOptions: {debuggerAddress: localhost:54620}, handlesAlerts: true, hasTouchScreen: false, javascriptEnabled: true, locationContextEnabled: true, mobileEmulationEnabled: false, nativeEvents: true, networkConnectionEnabled: false, pageLoadStrategy: normal, platform: MAC, platformName: MAC, proxy: Proxy(), rotatable: false, setWindowRect: true, strictFileInteractability: false, takesHeapSnapshot: true, takesScreenshot: true, timeouts: {implicit: 0, pageLoad: 300000, script: 30000}, unexpectedAlertBehaviour: ignore, unhandledPromptBehavior: ignore, version: 74.0.3729.169, webStorageEnabled: true}
Session ID: 1a379bb199dc24b204bde5a12e1abcf8
*** Element info: {Using=id, value=reachoutforproduct}">
      <![CDATA[org.openqa.selenium.NoSuchElementException: no such element: Unable to locate element: {"method":"id","selector":"reachoutforproduct"}
  (Session info: chrome=74.0.3729.169)
  (Driver info: chromedriver=74.0.3729.6 (255758eccf3d244491b8a1317aa76e1ce10d57e9-refs/branch-heads/3729@{#29}),platform=Mac OS X 10.13.6 x86_64) (WARNING: The server did not provide any stacktrace information)
Command duration or timeout: 0 milliseconds
For documentation on this error, please visit: http://seleniumhq.org/exceptions/no_such_element.html
Build info: version: '3.11.0', revision: 'e59cfb3', time: '2018-03-11T20:26:55.152Z'
System info: host: 'xebias-MacBook-Pro.local', ip: 'fe80:0:0:0:c93:649c:fd29:3a74%en0', os.name: 'Mac OS X', os.arch: 'x86_64', os.version: '10.13.6', java.version: '1.8.0_191'
Driver info: org.openqa.selenium.chrome.ChromeDriver
Capabilities {acceptInsecureCerts: false, acceptSslCerts: false, applicationCacheEnabled: false, browserConnectionEnabled: false, browserName: chrome, chrome: {chromedriverVersion: 74.0.3729.6 (255758eccf3d24..., userDataDir: /var/folders/d8/3khxvbv54kl...}, cssSelectorsEnabled: true, databaseEnabled: false, goog:chromeOptions: {debuggerAddress: localhost:54620}, handlesAlerts: true, hasTouchScreen: false, javascriptEnabled: true, locationContextEnabled: true, mobileEmulationEnabled: false, nativeEvents: true, networkConnectionEnabled: false, pageLoadStrategy: normal, platform: MAC, platformName: MAC, proxy: Proxy(), rotatable: false, setWindowRect: true, strictFileInteractability: false, takesHeapSnapshot: true, takesScreenshot: true, timeouts: {implicit: 0, pageLoad: 300000, script: 30000}, unexpectedAlertBehaviour: ignore, unhandledPromptBehavior: ignore, version: 74.0.3729.169, webStorageEnabled: true}
Session ID: 1a379bb199dc24b204bde5a12e1abcf8
*** Element info: {Using=id, value=reachoutforproduct}
at org.openqa.selenium.remote.ErrorHandler.createThrowable(ErrorHandler.java:214)
at org.openqa.selenium.remote.ErrorHandler.throwIfResponseFailed(ErrorHandler.java:166)
at org.openqa.selenium.remote.http.JsonHttpResponseCodec.reconstructValue(JsonHttpResponseCodec.java:40)
at org.openqa.selenium.remote.http.AbstractHttpResponseCodec.decode(AbstractHttpResponseCodec.java:80)
at org.openqa.selenium.remote.http.AbstractHttpResponseCodec.decode(AbstractHttpResponseCodec.java:44)
at org.openqa.selenium.remote.HttpCommandExecutor.execute(HttpCommandExecutor.java:158)
at org.openqa.selenium.remote.service.DriverCommandExecutor.execute(DriverCommandExecutor.java:83)
at org.openqa.selenium.remote.RemoteWebDriver.execute(RemoteWebDriver.java:545)
at org.openqa.selenium.remote.RemoteWebDriver.findElement(RemoteWebDriver.java:319)
at org.openqa.selenium.remote.RemoteWebDriver.findElementById(RemoteWebDriver.java:365)
at org.openqa.selenium.By$ById.findElement(By.java:218)
at org.openqa.selenium.remote.RemoteWebDriver.findElement(RemoteWebDriver.java:311)
at org.openqa.selenium.support.pagefactory.DefaultElementLocator.findElement(DefaultElementLocator.java:69)
at org.openqa.selenium.support.pagefactory.internal.LocatingElementHandler.invoke(LocatingElementHandler.java:38)
at com.sun.proxy.$Proxy27.getTagName(Unknown Source)
at org.openqa.selenium.support.ui.Select.<init>(Select.java:44)
at pages.ContactUsPage.select_drd_iam_looking_to(ContactUsPage.java:61)
at testCases.TestFunctionalities.Test_Field_I_am_looking_into(TestFunctionalities.java:193)
at java.util.concurrent.FutureTask.run(FutureTask.java:266)
at java.util.concurrent.ThreadPoolExecutor.runWorker(ThreadPoolExecutor.java:1149)
at java.util.concurrent.ThreadPoolExecutor$Worker.run(ThreadPoolExecutor.java:624)
at java.lang.Thread.run(Thread.java:748)
... Removed 20 stack frames]]>
    </failure>
  </testcase> <!-- Test_Field_I_am_looking_into -->
  <testcase name="Test_Intial_Sub_Product" time="0.0" classname="testCases.TestFunctionalities">
    <skipped/>
  </testcase> <!-- Test_Intial_Sub_Product -->
  <testcase name="Test_Mashreq_News" time="0.0" classname="testCases.TestFunctionalities">
    <skipped/>
  </testcase> <!-- Test_Mashreq_News -->
  <testcase name="Test_Mobile_number" time="0.0" classname="testCases.TestFunctionalities">
    <skipped/>
  </testcase> <!-- Test_Mobile_number -->
  <testcase name="Test_NavigationBar" time="0.0" classname="testCases.TestFunctionalities">
    <skipped/>
  </testcase> <!-- Test_NavigationBar -->
</testsuite> <!-- Test-Execution -->
